Arguments: 
  C:\Program Files\nodejs\node.exe C:\Program Files (x86)\Yarn\bin\yarn.js install

PATH: 
  C:\WINDOWS\system32;C:\WINDOWS;C:\WINDOWS\System32\Wbem;C:\WINDOWS\System32\WindowsPowerShell\v1.0\;C:\WINDOWS\System32\OpenSSH\;C:\Program Files\Intel\WiFi\bin\;C:\Program Files\Common Files\Intel\WirelessCommon\;C:\Program Files\Git\cmd;C:\Program Files\nodejs\;C:\Program Files (x86)\Yarn\bin\;C:\Users\chenfr\AppData\Local\Microsoft\WindowsApps;C:\Users\chenfr\AppData\Local\Programs\Microsoft VS Code\bin;C:\Program Files\Git\bin\;C:\Program Files\Git\cmd\;C:\Users\chenfr\AppData\Roaming\npm;C:\Users\chenfr\AppData\Local\Yarn\bin

Yarn version: 
  1.22.5

Node version: 
  14.15.3

Platform: 
  win32 x64

Trace: 
  SyntaxError: C:\Users\chenfr\Desktop\you-ate-it\server\package.json: Unexpected token } in JSON at position 705
      at JSON.parse (<anonymous>)
      at C:\Program Files (x86)\Yarn\lib\cli.js:1625:59
      at Generator.next (<anonymous>)
      at step (C:\Program Files (x86)\Yarn\lib\cli.js:310:30)
      at C:\Program Files (x86)\Yarn\lib\cli.js:321:13

npm manifest: 
  {
    "name": "example-create-react-app-express",
    "version": "1.0.0",
    "private": true,
    "scripts": {
      "client": "cd ../client && yarn start",
      "server": "nodemon server.ts",
      "start": "concurrently --kill-others-on-fail \"yarn server\" \"yarn client\""
    },
    "dependencies": {
      "@types/node": "^14.14.20",
      "@types/pg-format": "^1.0.1",
      "body-parser": "^1.19.0",
      "cors": "^2.8.5",
      "express": "^4.17.1",
      "graphql": "^15.4.0",
      "graphql-request": "^3.4.0",
      "knex": "^0.21.15",
      "knex-migrate": "^1.7.4",
      "nodemon": "^2.0.7",
      "pg": "^8.5.1",
      "pg-format": "^1.0.4",
      "postgraphile": "^4.10.0",
      "ts-node": "^9.1.1",
      "typescript": "^4.1.3",
    },
    "devDependencies": {
      "concurrently": "^4.0.1",
      "dotenv": "^8.2.0"
    },
    "proxy": "http://localhost:5000/"
  }

yarn manifest: 
  No manifest

Lockfile: 
  No lockfile
